<?xml version="1.0" encoding="UTF-8"?>
<!-- Generated by org.testng.reporters.JUnitXMLReporter -->
<testsuite ignored="0" hostname="Xamarin77Macmini.local" failures="1" tests="1" name="TestUserRegistration" time="123.063" errors="0" timestamp="06 Dec 2017 14:48:58 GMT">
  <testcase classname="com.iOS.Scripts.UserRegistration" name="testUserRegistration" time="123.031">
    <failure type="org.openqa.selenium.NoSuchElementException" message="An element could not be located on the page using the given search parameters. (WARNING: The server did not provide any stacktrace information)
Command duration or timeout: 0 milliseconds
For documentation on this error, please visit: http://seleniumhq.org/exceptions/no_such_element.html
Build info: version: &amp;apos;3.7.1&amp;apos;, revision: &amp;apos;8a0099a&amp;apos;, time: &amp;apos;2017-11-06T21:01:39.354Z&amp;apos;
System info: host: &amp;apos;Xamarin77Macmini.local&amp;apos;, ip: &amp;apos;fe80:0:0:0:4a8:e77:2845:4251%en0&amp;apos;, os.name: &amp;apos;Mac OS X&amp;apos;, os.arch: &amp;apos;x86_64&amp;apos;, os.version: &amp;apos;10.13.1&amp;apos;, java.version: &amp;apos;9.0.1&amp;apos;
Driver info: io.appium.java_client.ios.IOSDriver
Capabilities {app: /Users/admin/Downloads/Infl..., automationName: XCUITest, browserName: , databaseEnabled: false, deviceName: iPhone 6, javascriptEnabled: true, locationContextEnabled: false, networkConnectionEnabled: false, platform: MAC, platformName: MAC, platformVersion: 9.3, takesScreenshot: true, udid: A41EF12D-A046-4A8A-8708-0D9..., webStorageEnabled: false}
Session ID: 1012d345-3f31-460c-877b-70795581e37c">
      <![CDATA[org.openqa.selenium.NoSuchElementException: An element could not be located on the page using the given search parameters. (WARNING: The server did not provide any stacktrace information)
Command duration or timeout: 0 milliseconds
For documentation on this error, please visit: http://seleniumhq.org/exceptions/no_such_element.html
Build info: version: '3.7.1', revision: '8a0099a', time: '2017-11-06T21:01:39.354Z'
System info: host: 'Xamarin77Macmini.local', ip: 'fe80:0:0:0:4a8:e77:2845:4251%en0', os.name: 'Mac OS X', os.arch: 'x86_64', os.version: '10.13.1', java.version: '9.0.1'
Driver info: io.appium.java_client.ios.IOSDriver
Capabilities {app: /Users/admin/Downloads/Infl..., automationName: XCUITest, browserName: , databaseEnabled: false, deviceName: iPhone 6, javascriptEnabled: true, locationContextEnabled: false, networkConnectionEnabled: false, platform: MAC, platformName: MAC, platformVersion: 9.3, takesScreenshot: true, udid: A41EF12D-A046-4A8A-8708-0D9..., webStorageEnabled: false}
Session ID: 1012d345-3f31-460c-877b-70795581e37c
	at org.openqa.selenium.remote.ErrorHandler.createThrowable(ErrorHandler.java:214)
	at org.openqa.selenium.remote.ErrorHandler.throwIfResponseFailed(ErrorHandler.java:166)
	at org.openqa.selenium.remote.http.JsonHttpResponseCodec.reconstructValue(JsonHttpResponseCodec.java:40)
	at org.openqa.selenium.remote.http.AbstractHttpResponseCodec.decode(AbstractHttpResponseCodec.java:80)
	at org.openqa.selenium.remote.http.AbstractHttpResponseCodec.decode(AbstractHttpResponseCodec.java:44)
	at org.openqa.selenium.remote.HttpCommandExecutor.execute(HttpCommandExecutor.java:164)
	at io.appium.java_client.remote.AppiumCommandExecutor.execute(AppiumCommandExecutor.java:89)
	at org.openqa.selenium.remote.RemoteWebDriver.execute(RemoteWebDriver.java:600)
	at io.appium.java_client.DefaultGenericMobileDriver.execute(DefaultGenericMobileDriver.java:42)
	at io.appium.java_client.AppiumDriver.execute(AppiumDriver.java:1)
	at io.appium.java_client.ios.IOSDriver.execute(IOSDriver.java:1)
	at org.openqa.selenium.remote.RemoteWebElement.execute(RemoteWebElement.java:279)
	at io.appium.java_client.DefaultGenericMobileElement.execute(DefaultGenericMobileElement.java:45)
	at io.appium.java_client.MobileElement.execute(MobileElement.java:1)
	at io.appium.java_client.ios.IOSElement.execute(IOSElement.java:1)
	at org.openqa.selenium.remote.RemoteWebElement.sendKeys(RemoteWebElement.java:100)
	at com.If.util.DriverHelper.sendKeys(DriverHelper.java:88)
	at com.If.Helper.UserRegistrationHelper.enterEmailID(UserRegistrationHelper.java:45)
	at com.iOS.Scripts.UserRegistration.testUserRegistration(UserRegistration.java:36)
... Removed 29 stack frames]]>
    </failure>
  </testcase> <!-- testUserRegistration -->
</testsuite> <!-- TestUserRegistration -->
